#
# There is insufficient memory for the Java Runtime Environment to continue.
# Native memory allocation (malloc) failed to allocate 1763856 bytes for Chunk::new
# Possible reasons:
#   The system is out of physical RAM or swap space
#   The process is running with CompressedOops enabled, and the Java Heap may be blocking the growth of the native heap
# Possible solutions:
#   Reduce memory load on the system
#   Increase physical memory or swap space
#   Check if swap backing store is full
#   Decrease Java heap size (-Xmx/-Xms)
#   Decrease number of Java threads
#   Decrease Java thread stack sizes (-Xss)
#   Set larger code cache with -XX:ReservedCodeCacheSize=
#   JVM is running with Zero Based Compressed Oops mode in which the Java heap is
#     placed in the first 32GB address space. The Java Heap base address is the
#     maximum limit for the native heap growth. Please use -XX:HeapBaseMinAddress
#     to set the Java Heap base and to place the Java Heap above 32GB virtual address.
# This output file may be truncated or incomplete.
#
#  Out of Memory Error (arena.cpp:189), pid=3760, tid=22596
#
# JRE version: Java(TM) SE Runtime Environment (17.0.9+11) (build 17.0.9+11-LTS-201)
# Java VM: Java HotSpot(TM) 64-Bit Server VM (17.0.9+11-LTS-201, mixed mode, sharing, tiered, compressed oops, compressed class ptrs, g1 gc, windows-amd64)
# No core dump will be written. Minidumps are not enabled by default on client versions of Windows
#

---------------  S U M M A R Y ------------

Command Line: -Dcom.sun.management.jmxremote -Dcom.sun.management.jmxremote.port=65530 -Dcom.sun.management.jmxremote.authenticate=false -Dcom.sun.management.jmxremote.ssl=false -Dspring.jmx.enabled=true -Djava.rmi.server.hostname=localhost -Dspring.application.admin.enabled=true -Dspring.boot.project.name=01-java-spring-jobhunter-starter -XX:+ShowCodeDetailsInExceptionMessages -Dmanagement.endpoints.jmx.exposure.include=* vn.hoidanit.jobhunter.JobhunterApplication

Host: AMD Ryzen 5 3500U with Radeon Vega Mobile Gfx  , 8 cores, 9G,  Windows 10 , 64 bit Build 19041 (10.0.19041.5198)
Time: Fri Mar 14 09:52:00 2025 Romance Standard Time elapsed time: 33.618165 seconds (0d 0h 0m 33s)

---------------  T H R E A D  ---------------

Current thread (0x000001f2d97dd210):  JavaThread "C2 CompilerThread2" daemon [_thread_in_native, id=22596, stack(0x000000e5b6800000,0x000000e5b6900000)]


Current CompileTask:
C2:  33618 6611       4       java.lang.reflect.Field::getAnnotation (23 bytes)

Stack: [0x000000e5b6800000,0x000000e5b6900000]
Native frames: (J=compiled Java code, j=interpreted, Vv=VM code, C=native code)
V  [jvm.dll+0x678a4a]
V  [jvm.dll+0x7d9cfd]
V  [jvm.dll+0x7db60e]
V  [jvm.dll+0x7dbc73]
V  [jvm.dll+0x245e1f]
V  [jvm.dll+0xaaafb]
V  [jvm.dll+0xab09c]
V  [jvm.dll+0x36232f]
V  [jvm.dll+0x1bb94a]
V  [jvm.dll+0x218287]
V  [jvm.dll+0x217561]
V  [jvm.dll+0x1a3bc0]
V  [jvm.dll+0x2272de]
V  [jvm.dll+0x22548b]
V  [jvm.dll+0x78f58c]
V  [jvm.dll+0x78998a]
V  [jvm.dll+0x677875]
C  [ucrtbase.dll+0x21bb2]
C  [KERNEL32.DLL+0x17374]
C  [ntdll.dll+0x4cc91]


---------------  P R O C E S S  ---------------

Threads class SMR info:
_java_thread_list=0x000001f2d7e2d9d0, length=29, elements={
0x000001f2ef8422d0, 0x000001f2ffca6a90, 0x000001f2ffca7820, 0x000001f2ffcbd310,
0x000001f2ffcbfcf0, 0x000001f2ffcc05c0, 0x000001f2ffcc0e90, 0x000001f2ffcccfa0,
0x000001f2ffced8c0, 0x000001f2ffcf21f0, 0x000001f2d40d93e0, 0x000001f2d40d7fa0,
0x000001f2d40d98f0, 0x000001f2d40d9e00, 0x000001f2d40d7580, 0x000001f2d40d7a90,
0x000001f2d40da310, 0x000001f2d40da820, 0x000001f2d40d84b0, 0x000001f2d40d89c0,
0x000001f2d40d8ed0, 0x000001f2d542bde0, 0x000001f2d55e0be0, 0x000001f2d55da6a0,
0x000001f2d55da190, 0x000001f2d55e01c0, 0x000001f2d55db5d0, 0x000001f2d55dbae0,
0x000001f2d97dd210
}

Java Threads: ( => current thread )
  0x000001f2ef8422d0 JavaThread "main" [_thread_blocked, id=15972, stack(0x000000e5b3900000,0x000000e5b3a00000)]
  0x000001f2ffca6a90 JavaThread "Reference Handler" daemon [_thread_blocked, id=22816, stack(0x000000e5b4000000,0x000000e5b4100000)]
  0x000001f2ffca7820 JavaThread "Finalizer" daemon [_thread_blocked, id=2784, stack(0x000000e5b4100000,0x000000e5b4200000)]
  0x000001f2ffcbd310 JavaThread "Signal Dispatcher" daemon [_thread_blocked, id=13124, stack(0x000000e5b4200000,0x000000e5b4300000)]
  0x000001f2ffcbfcf0 JavaThread "Attach Listener" daemon [_thread_blocked, id=17420, stack(0x000000e5b4300000,0x000000e5b4400000)]
  0x000001f2ffcc05c0 JavaThread "Service Thread" daemon [_thread_blocked, id=20668, stack(0x000000e5b4400000,0x000000e5b4500000)]
  0x000001f2ffcc0e90 JavaThread "Monitor Deflation Thread" daemon [_thread_blocked, id=22960, stack(0x000000e5b4500000,0x000000e5b4600000)]
  0x000001f2ffcccfa0 JavaThread "C2 CompilerThread0" daemon [_thread_in_native, id=17120, stack(0x000000e5b4600000,0x000000e5b4700000)]
  0x000001f2ffced8c0 JavaThread "C1 CompilerThread0" daemon [_thread_blocked, id=20236, stack(0x000000e5b4700000,0x000000e5b4800000)]
  0x000001f2ffcf21f0 JavaThread "Sweeper thread" daemon [_thread_blocked, id=21524, stack(0x000000e5b4800000,0x000000e5b4900000)]
  0x000001f2d40d93e0 JavaThread "Common-Cleaner" daemon [_thread_blocked, id=3124, stack(0x000000e5b4900000,0x000000e5b4a00000)]
  0x000001f2d40d7fa0 JavaThread "Notification Thread" daemon [_thread_blocked, id=23164, stack(0x000000e5b4a00000,0x000000e5b4b00000)]
  0x000001f2d40d98f0 JavaThread "RMI TCP Accept-0" daemon [_thread_in_native, id=10120, stack(0x000000e5b4b00000,0x000000e5b4c00000)]
  0x000001f2d40d9e00 JavaThread "RMI TCP Accept-65530" daemon [_thread_in_native, id=19748, stack(0x000000e5b4c00000,0x000000e5b4d00000)]
  0x000001f2d40d7580 JavaThread "RMI TCP Accept-0" daemon [_thread_in_native, id=13396, stack(0x000000e5b4d00000,0x000000e5b4e00000)]
  0x000001f2d40d7a90 JavaThread "Thread-0" [_thread_blocked, id=11824, stack(0x000000e5b4f00000,0x000000e5b5000000)]
  0x000001f2d40da310 JavaThread "restartedMain" [_thread_in_native, id=21988, stack(0x000000e5b5800000,0x000000e5b5900000)]
  0x000001f2d40da820 JavaThread "RMI TCP Connection(3)-127.0.0.1" daemon [_thread_in_native, id=13568, stack(0x000000e5b5900000,0x000000e5b5a00000)]
  0x000001f2d40d84b0 JavaThread "RMI TCP Connection(2)-127.0.0.1" daemon [_thread_in_native, id=2212, stack(0x000000e5b5a00000,0x000000e5b5b00000)]
  0x000001f2d40d89c0 JavaThread "RMI Scheduler(0)" daemon [_thread_blocked, id=8540, stack(0x000000e5b5b00000,0x000000e5b5c00000)]
  0x000001f2d40d8ed0 JavaThread "JMX server connection timeout 25" daemon [_thread_blocked, id=4652, stack(0x000000e5b5c00000,0x000000e5b5d00000)]
  0x000001f2d542bde0 JavaThread "C2 CompilerThread1" daemon [_thread_in_native, id=23396, stack(0x000000e5b5d00000,0x000000e5b5e00000)]
  0x000001f2d55e0be0 JavaThread "Catalina-utility-1" [_thread_blocked, id=14136, stack(0x000000e5b6000000,0x000000e5b6100000)]
  0x000001f2d55da6a0 JavaThread "Catalina-utility-2" [_thread_blocked, id=8580, stack(0x000000e5b6100000,0x000000e5b6200000)]
  0x000001f2d55da190 JavaThread "container-0" [_thread_blocked, id=8012, stack(0x000000e5b6200000,0x000000e5b6300000)]
  0x000001f2d55e01c0 JavaThread "mysql-cj-abandoned-connection-cleanup" daemon [_thread_blocked, id=21716, stack(0x000000e5b6300000,0x000000e5b6400000)]
  0x000001f2d55db5d0 JavaThread "HikariPool-1 housekeeper" daemon [_thread_blocked, id=524, stack(0x000000e5b5e00000,0x000000e5b5f00000)]
  0x000001f2d55dbae0 JavaThread "HikariPool-1 connection adder" daemon [_thread_blocked, id=14404, stack(0x000000e5b6500000,0x000000e5b6600000)]
=>0x000001f2d97dd210 JavaThread "C2 CompilerThread2" daemon [_thread_in_native, id=22596, stack(0x000000e5b6800000,0x000000e5b6900000)]

Other Threads:
  0x000001f2ffca2f80 VMThread "VM Thread" [stack: 0x000000e5b3f00000,0x000000e5b4000000] [id=9860]
  0x000001f2ef8aa3a0 WatcherThread [stack: 0x000000e5b4e00000,0x000000e5b4f00000] [id=9992]
  0x000001f2ef899000 GCTaskThread "GC Thread#0" [stack: 0x000000e5b3a00000,0x000000e5b3b00000] [id=18532]
  0x000001f2d4fafc40 GCTaskThread "GC Thread#1" [stack: 0x000000e5b5000000,0x000000e5b5100000] [id=9856]
  0x000001f2d5037890 GCTaskThread "GC Thread#2" [stack: 0x000000e5b5100000,0x000000e5b5200000] [id=7252]
  0x000001f2d50496d0 GCTaskThread "GC Thread#3" [stack: 0x000000e5b5200000,0x000000e5b5300000] [id=22272]
  0x000001f2d5049990 GCTaskThread "GC Thread#4" [stack: 0x000000e5b5300000,0x000000e5b5400000] [id=10148]
  0x000001f2d5049c50 GCTaskThread "GC Thread#5" [stack: 0x000000e5b5400000,0x000000e5b5500000] [id=23008]
  0x000001f2d5049f10 GCTaskThread "GC Thread#6" [stack: 0x000000e5b5500000,0x000000e5b5600000] [id=5660]
  0x000001f2d504a1d0 GCTaskThread "GC Thread#7" [stack: 0x000000e5b5600000,0x000000e5b5700000] [id=23336]
  0x000001f2ef8a3da0 ConcurrentGCThread "G1 Main Marker" [stack: 0x000000e5b3b00000,0x000000e5b3c00000] [id=21692]
  0x000001f2ef8a46c0 ConcurrentGCThread "G1 Conc#0" [stack: 0x000000e5b3c00000,0x000000e5b3d00000] [id=22584]
  0x000001f2d5b745e0 ConcurrentGCThread "G1 Conc#1" [stack: 0x000000e5b5f00000,0x000000e5b6000000] [id=20796]
  0x000001f2ef8fe550 ConcurrentGCThread "G1 Refine#0" [stack: 0x000000e5b3d00000,0x000000e5b3e00000] [id=23432]
  0x000001f2d5039d60 ConcurrentGCThread "G1 Refine#1" [stack: 0x000000e5b5700000,0x000000e5b5800000] [id=10080]
  0x000001f2ffb600a0 ConcurrentGCThread "G1 Service" [stack: 0x000000e5b3e00000,0x000000e5b3f00000] [id=11068]

Threads with active compile tasks:
C2 CompilerThread0    33677 6767       4       org.hibernate.validator.internal.metadata.aggregated.BeanMetaDataBuilder$BuilderDelegate::add (120 bytes)
C2 CompilerThread1    33677 6570   !   4       java.lang.reflect.Field::declaredAnnotations (82 bytes)
C2 CompilerThread2    33677 6611       4       java.lang.reflect.Field::getAnnotation (23 bytes)

VM state: not at safepoint (normal execution)

VM Mutex/Monitor currently owned by a thread: None

Heap address: 0x0000000760c00000, size: 2548 MB, Compressed Oops mode: Zero based, Oop shift amount: 3

CDS archive(s) mapped at: [0x000001f28f000000-0x000001f28fbd0000-0x000001f28fbd0000), size 12386304, SharedBaseAddress: 0x000001f28f000000, ArchiveRelocationMode: 1.
Compressed class space mapped at: 0x000001f290000000-0x000001f2d0000000, reserved size: 1073741824
Narrow klass base: 0x000001f28f000000, Narrow klass shift: 0, Narrow klass range: 0x100000000

GC Precious Log:
 CPUs: 8 total, 8 available
 Memory: 10186M
 Large Page Support: Disabled
 NUMA Support: Disabled
 Compressed Oops: Enabled (Zero based)
 Heap Region Size: 2M
 Heap Min Capacity: 8M
 Heap Initial Capacity: 160M
 Heap Max Capacity: 2548M
 Pre-touch: Disabled
 Parallel Workers: 8
 Concurrent Workers: 2
 Concurrent Refinement Workers: 8
 Periodic GC: Disabled

Heap:
 garbage-first heap   total 69632K, used 32431K [0x0000000760c00000, 0x0000000800000000)
  region size 2048K, 3 young (6144K), 2 survivors (4096K)
 Metaspace       used 61426K, committed 62016K, reserved 1114112K
  class space    used 8037K, committed 8320K, reserved 1048576K

Heap Regions: E=young(eden), S=young(survivor), O=old, HS=humongous(starts), HC=humongous(continues), CS=collection set, F=free, OA=open archive, CA=closed archive, TAMS=top-at-mark-start (previous, next)
|   0|0x0000000760c00000, 0x0000000760e00000, 0x0000000760e00000|100%| O|  |TAMS 0x0000000760e00000, 0x0000000760c00000| Untracked 
|   1|0x0000000760e00000, 0x0000000761000000, 0x0000000761000000|100%| O|  |TAMS 0x0000000761000000, 0x0000000760e00000| Untracked 
|   2|0x0000000761000000, 0x0000000761200000, 0x0000000761200000|100%| O|  |TAMS 0x0000000761200000, 0x0000000761000000| Untracked 
|   3|0x0000000761200000, 0x0000000761400000, 0x0000000761400000|100%| O|  |TAMS 0x0000000761400000, 0x0000000761200000| Untracked 
|   4|0x0000000761400000, 0x0000000761600000, 0x0000000761600000|100%| O|  |TAMS 0x0000000761600000, 0x0000000761400000| Untracked 
|   5|0x0000000761600000, 0x0000000761800000, 0x0000000761800000|100%| O|  |TAMS 0x0000000761800000, 0x0000000761600000| Untracked 
|   6|0x0000000761800000, 0x0000000761a00000, 0x0000000761a00000|100%| O|  |TAMS 0x0000000761a00000, 0x0000000761800000| Untracked 
|   7|0x0000000761a00000, 0x0000000761c00000, 0x0000000761c00000|100%| O|  |TAMS 0x0000000761c00000, 0x0000000761a00000| Untracked 
|   8|0x0000000761c00000, 0x0000000761e00000, 0x0000000761e00000|100%| O|  |TAMS 0x0000000761e00000, 0x0000000761c00000| Untracked 
|   9|0x0000000761e00000, 0x0000000762000000, 0x0000000762000000|100%| O|  |TAMS 0x0000000762000000, 0x0000000761e00000| Untracked 
|  10|0x0000000762000000, 0x0000000762200000, 0x0000000762200000|100%| O|  |TAMS 0x0000000762200000, 0x0000000762000000| Untracked 
|  11|0x0000000762200000, 0x0000000762400000, 0x0000000762400000|100%| O|  |TAMS 0x0000000762400000, 0x0000000762200000| Untracked 
|  12|0x0000000762400000, 0x0000000762600000, 0x0000000762600000|100%| O|  |TAMS 0x00000007624a5e00, 0x0000000762400000| Untracked 
|  13|0x0000000762600000, 0x0000000762800000, 0x0000000762800000|100%| O|  |TAMS 0x0000000762600000, 0x0000000762600000| Untracked 
|  14|0x0000000762800000, 0x00000007628d4600, 0x0000000762a00000| 41%| O|  |TAMS 0x0000000762800000, 0x0000000762800000| Untracked 
|  15|0x0000000762a00000, 0x0000000762a00000, 0x0000000762c00000|  0%| F|  |TAMS 0x0000000762a00000, 0x0000000762a00000| Untracked 
|  16|0x0000000762c00000, 0x0000000762c00000, 0x0000000762e00000|  0%| F|  |TAMS 0x0000000762c00000, 0x0000000762c00000| Untracked 
|  17|0x0000000762e00000, 0x0000000762e00000, 0x0000000763000000|  0%| F|  |TAMS 0x0000000762e00000, 0x0000000762e00000| Untracked 
|  18|0x0000000763000000, 0x0000000763000000, 0x0000000763200000|  0%| F|  |TAMS 0x0000000763000000, 0x0000000763000000| Untracked 
|  19|0x0000000763200000, 0x00000007632d7988, 0x0000000763400000| 42%| S|CS|TAMS 0x0000000763200000, 0x0000000763200000| Complete 
|  20|0x0000000763400000, 0x0000000763400000, 0x0000000763600000|  0%| F|  |TAMS 0x0000000763400000, 0x0000000763400000| Untracked 
|  21|0x0000000763600000, 0x0000000763600000, 0x0000000763800000|  0%| F|  |TAMS 0x0000000763600000, 0x0000000763600000| Untracked 
|  22|0x0000000763800000, 0x0000000763a00000, 0x0000000763a00000|100%| S|CS|TAMS 0x0000000763800000, 0x0000000763800000| Complete 
|  23|0x0000000763a00000, 0x0000000763a00000, 0x0000000763c00000|  0%| F|  |TAMS 0x0000000763a00000, 0x0000000763a00000| Untracked 
|  24|0x0000000763c00000, 0x0000000763c00000, 0x0000000763e00000|  0%| F|  |TAMS 0x0000000763c00000, 0x0000000763c00000| Untracked 
|  25|0x0000000763e00000, 0x0000000763e00000, 0x0000000764000000|  0%| F|  |TAMS 0x0000000763e00000, 0x0000000763e00000| Untracked 
|  26|0x0000000764000000, 0x0000000764000000, 0x0000000764200000|  0%| F|  |TAMS 0x0000000764000000, 0x0000000764000000| Untracked 
|  27|0x0000000764200000, 0x0000000764200000, 0x0000000764400000|  0%| F|  |TAMS 0x0000000764200000, 0x0000000764200000| Untracked 
|  28|0x0000000764400000, 0x0000000764400000, 0x0000000764600000|  0%| F|  |TAMS 0x0000000764400000, 0x0000000764400000| Untracked 
|  75|0x000000076a200000, 0x000000076a200000, 0x000000076a400000|  0%| F|  |TAMS 0x000000076a200000, 0x000000076a200000| Untracked 
|  76|0x000000076a400000, 0x000000076a400000, 0x000000076a600000|  0%| F|  |TAMS 0x000000076a400000, 0x000000076a400000| Untracked 
|  77|0x000000076a600000, 0x000000076a600000, 0x000000076a800000|  0%| F|  |TAMS 0x000000076a600000, 0x000000076a600000| Untracked 
|  78|0x000000076a800000, 0x000000076a800000, 0x000000076aa00000|  0%| F|  |TAMS 0x000000076a800000, 0x000000076a800000| Untracked 
|  79|0x000000076aa00000, 0x000000076aa5fdc8, 0x000000076ac00000| 18%| E|  |TAMS 0x000000076aa00000, 0x000000076aa00000| Complete 

Card table byte_map: [0x000001f2f7900000,0x000001f2f7e00000] _byte_map_base: 0x000001f2f3dfa000

Marking Bits (Prev, Next): (CMBitMap*) 0x000001f2ef899570, (CMBitMap*) 0x000001f2ef899530
 Prev Bits: [0x000001f2faad0000, 0x000001f2fd2a0000)
 Next Bits: [0x000001f2f8300000, 0x000001f2faad0000)

Polling page: 0x000001f2ed780000

Metaspace:

Usage:
  Non-class:     52.14 MB used.
      Class:      7.85 MB used.
       Both:     59.99 MB used.

Virtual space:
  Non-class space:       64.00 MB reserved,      52.44 MB ( 82%) committed,  1 nodes.
      Class space:        1.00 GB reserved,       8.12 MB ( <1%) committed,  1 nodes.
             Both:        1.06 GB reserved,      60.56 MB (  6%) committed. 

Chunk freelists:
   Non-Class:  10.97 MB
       Class:  7.73 MB
        Both:  18.70 MB

MaxMetaspaceSize: unlimited
CompressedClassSpaceSize: 1.00 GB
Initial GC threshold: 21.00 MB
Current GC threshold: 72.19 MB
CDS: on
MetaspaceReclaimPolicy: balanced
 - commit_granule_bytes: 65536.
 - commit_granule_words: 8192.
 - virtual_space_node_default_size: 8388608.
 - enlarge_chunks_in_place: 1.
 - new_chunks_are_fully_committed: 0.
 - uncommit_free_chunks: 1.
 - use_allocation_guard: 0.
 - handle_deallocations: 1.


Internal statistics:

num_allocs_failed_limit: 9.
num_arena_births: 708.
num_arena_deaths: 0.
num_vsnodes_births: 2.
num_vsnodes_deaths: 0.
num_space_committed: 969.
num_space_uncommitted: 0.
num_chunks_returned_to_freelist: 9.
num_chunks_taken_from_freelist: 2854.
num_chunk_merges: 9.
num_chunk_splits: 1988.
num_chunks_enlarged: 1510.
num_inconsistent_stats: 0.

CodeHeap 'non-profiled nmethods': size=120000Kb used=4877Kb max_used=4877Kb free=115122Kb
 bounds [0x000001f287ad0000, 0x000001f287fa0000, 0x000001f28f000000]
CodeHeap 'profiled nmethods': size=120000Kb used=12543Kb max_used=12543Kb free=107456Kb
 bounds [0x000001f280000000, 0x000001f280c40000, 0x000001f287530000]
CodeHeap 'non-nmethods': size=5760Kb used=1319Kb max_used=1356Kb free=4441Kb
 bounds [0x000001f287530000, 0x000001f2877a0000, 0x000001f287ad0000]
 total_blobs=6688 nmethods=6045 adapters=555
 compilation: enabled
              stopped_count=0, restarted_count=0
 full_count=0

Compilation events (20 events):
Event: 33.355 Thread 0x000001f2ffced8c0 6775       1       org.hibernate.validator.internal.metadata.raw.ConstrainedParameter::getType (5 bytes)
Event: 33.355 Thread 0x000001f2ffced8c0 nmethod 6775 0x000001f287f90c10 code [0x000001f287f90da0, 0x000001f287f90e78]
Event: 33.355 Thread 0x000001f2ffced8c0 6776       1       org.hibernate.validator.internal.metadata.raw.ConstrainedParameter::getIndex (5 bytes)
Event: 33.355 Thread 0x000001f2ffced8c0 nmethod 6776 0x000001f287f90f10 code [0x000001f287f910a0, 0x000001f287f91178]
Event: 33.355 Thread 0x000001f2ffced8c0 6777       1       org.hibernate.validator.internal.metadata.raw.ConstrainedParameter::getCallable (5 bytes)
Event: 33.355 Thread 0x000001f2ffced8c0 nmethod 6777 0x000001f287f91210 code [0x000001f287f913a0, 0x000001f287f91478]
Event: 33.355 Thread 0x000001f2ffced8c0 6779       1       org.hibernate.validator.internal.properties.javabean.JavaBeanField::getType (5 bytes)
Event: 33.355 Thread 0x000001f2ffced8c0 nmethod 6779 0x000001f287f91510 code [0x000001f287f916a0, 0x000001f287f91778]
Event: 33.360 Thread 0x000001f2ffced8c0 6795       1       org.hibernate.engine.jdbc.env.internal.JdbcEnvironmentImpl::getDialect (5 bytes)
Event: 33.360 Thread 0x000001f2ffced8c0 nmethod 6795 0x000001f287f91810 code [0x000001f287f919a0, 0x000001f287f91a78]
Event: 33.374 Thread 0x000001f2ffced8c0 6796       1       org.hibernate.mapping.BasicValue::getResolution (5 bytes)
Event: 33.375 Thread 0x000001f2ffced8c0 nmethod 6796 0x000001f287f91b10 code [0x000001f287f91ca0, 0x000001f287f91d78]
Event: 33.417 Thread 0x000001f2ffcccfa0 nmethod 6783 0x000001f287f91e10 code [0x000001f287f92020, 0x000001f287f92cd0]
Event: 33.417 Thread 0x000001f2ffcccfa0 6767       4       org.hibernate.validator.internal.metadata.aggregated.BeanMetaDataBuilder$BuilderDelegate::add (120 bytes)
Event: 33.430 Thread 0x000001f2ffced8c0 6797       3       java.lang.ClassLoader::getSystemClassLoader (96 bytes)
Event: 33.432 Thread 0x000001f2ffced8c0 nmethod 6797 0x000001f280c3d190 code [0x000001f280c3d400, 0x000001f280c3e028]
Event: 33.442 Thread 0x000001f2ffced8c0 6798       3       java.util.Formatter$FormatSpecifier::<init> (77 bytes)
Event: 33.443 Thread 0x000001f2ffced8c0 nmethod 6798 0x000001f280c3e410 code [0x000001f280c3e620, 0x000001f280c3edf8]
Event: 33.527 Thread 0x000001f2ffced8c0 6801       3       org.hibernate.type.descriptor.jdbc.JdbcType::getDefaultSqlTypeCode (7 bytes)
Event: 33.528 Thread 0x000001f2ffced8c0 nmethod 6801 0x000001f280c3f090 code [0x000001f280c3f240, 0x000001f280c3f408]

GC Heap History (20 events):
Event: 14.063 GC heap before
{Heap before GC invocations=9 (full 0):
 garbage-first heap   total 69632K, used 48751K [0x0000000760c00000, 0x0000000800000000)
  region size 2048K, 16 young (32768K), 1 survivors (2048K)
 Metaspace       used 28931K, committed 29248K, reserved 1114112K
  class space    used 3699K, committed 3840K, reserved 1048576K
}
Event: 14.069 GC heap after
{Heap after GC invocations=10 (full 0):
 garbage-first heap   total 69632K, used 19751K [0x0000000760c00000, 0x0000000800000000)
  region size 2048K, 2 young (4096K), 2 survivors (4096K)
 Metaspace       used 28931K, committed 29248K, reserved 1114112K
  class space    used 3699K, committed 3840K, reserved 1048576K
}
Event: 14.265 GC heap before
{Heap before GC invocations=10 (full 0):
 garbage-first heap   total 69632K, used 21799K [0x0000000760c00000, 0x0000000800000000)
  region size 2048K, 3 young (6144K), 2 survivors (4096K)
 Metaspace       used 29087K, committed 29440K, reserved 1114112K
  class space    used 3726K, committed 3904K, reserved 1048576K
}
Event: 14.274 GC heap after
{Heap after GC invocations=11 (full 0):
 garbage-first heap   total 69632K, used 20083K [0x0000000760c00000, 0x0000000800000000)
  region size 2048K, 1 young (2048K), 1 survivors (2048K)
 Metaspace       used 29087K, committed 29440K, reserved 1114112K
  class space    used 3726K, committed 3904K, reserved 1048576K
}
Event: 16.687 GC heap before
{Heap before GC invocations=11 (full 0):
 garbage-first heap   total 69632K, used 48755K [0x0000000760c00000, 0x0000000800000000)
  region size 2048K, 15 young (30720K), 1 survivors (2048K)
 Metaspace       used 31472K, committed 31872K, reserved 1114112K
  class space    used 4082K, committed 4288K, reserved 1048576K
}
Event: 16.698 GC heap after
{Heap after GC invocations=12 (full 0):
 garbage-first heap   total 69632K, used 21472K [0x0000000760c00000, 0x0000000800000000)
  region size 2048K, 1 young (2048K), 1 survivors (2048K)
 Metaspace       used 31472K, committed 31872K, reserved 1114112K
  class space    used 4082K, committed 4288K, reserved 1048576K
}
Event: 19.545 GC heap before
{Heap before GC invocations=12 (full 0):
 garbage-first heap   total 69632K, used 50144K [0x0000000760c00000, 0x0000000800000000)
  region size 2048K, 15 young (30720K), 1 survivors (2048K)
 Metaspace       used 36356K, committed 36800K, reserved 1114112K
  class space    used 4728K, committed 4928K, reserved 1048576K
}
Event: 19.551 GC heap after
{Heap after GC invocations=13 (full 0):
 garbage-first heap   total 69632K, used 23584K [0x0000000760c00000, 0x0000000800000000)
  region size 2048K, 2 young (4096K), 2 survivors (4096K)
 Metaspace       used 36356K, committed 36800K, reserved 1114112K
  class space    used 4728K, committed 4928K, reserved 1048576K
}
Event: 22.112 GC heap before
{Heap before GC invocations=13 (full 0):
 garbage-first heap   total 69632K, used 52256K [0x0000000760c00000, 0x0000000800000000)
  region size 2048K, 16 young (32768K), 2 survivors (4096K)
 Metaspace       used 39289K, committed 39808K, reserved 1114112K
  class space    used 5109K, committed 5376K, reserved 1048576K
}
Event: 22.122 GC heap after
{Heap after GC invocations=14 (full 0):
 garbage-first heap   total 69632K, used 25445K [0x0000000760c00000, 0x0000000800000000)
  region size 2048K, 1 young (2048K), 1 survivors (2048K)
 Metaspace       used 39289K, committed 39808K, reserved 1114112K
  class space    used 5109K, committed 5376K, reserved 1048576K
}
Event: 24.104 GC heap before
{Heap before GC invocations=14 (full 0):
 garbage-first heap   total 69632K, used 52069K [0x0000000760c00000, 0x0000000800000000)
  region size 2048K, 14 young (28672K), 1 survivors (2048K)
 Metaspace       used 40730K, committed 41280K, reserved 1114112K
  class space    used 5305K, committed 5568K, reserved 1048576K
}
Event: 24.112 GC heap after
{Heap after GC invocations=15 (full 0):
 garbage-first heap   total 69632K, used 26598K [0x0000000760c00000, 0x0000000800000000)
  region size 2048K, 2 young (4096K), 2 survivors (4096K)
 Metaspace       used 40730K, committed 41280K, reserved 1114112K
  class space    used 5305K, committed 5568K, reserved 1048576K
}
Event: 26.441 GC heap before
{Heap before GC invocations=15 (full 0):
 garbage-first heap   total 69632K, used 53222K [0x0000000760c00000, 0x0000000800000000)
  region size 2048K, 15 young (30720K), 2 survivors (4096K)
 Metaspace       used 43619K, committed 44096K, reserved 1114112K
  class space    used 5703K, committed 5952K, reserved 1048576K
}
Event: 26.450 GC heap after
{Heap after GC invocations=16 (full 0):
 garbage-first heap   total 69632K, used 27985K [0x0000000760c00000, 0x0000000800000000)
  region size 2048K, 2 young (4096K), 2 survivors (4096K)
 Metaspace       used 43619K, committed 44096K, reserved 1114112K
  class space    used 5703K, committed 5952K, reserved 1048576K
}
Event: 26.590 GC heap before
{Heap before GC invocations=16 (full 0):
 garbage-first heap   total 69632K, used 27985K [0x0000000760c00000, 0x0000000800000000)
  region size 2048K, 3 young (6144K), 2 survivors (4096K)
 Metaspace       used 43808K, committed 44288K, reserved 1114112K
  class space    used 5730K, committed 6016K, reserved 1048576K
}
Event: 26.598 GC heap after
{Heap after GC invocations=17 (full 0):
 garbage-first heap   total 69632K, used 27869K [0x0000000760c00000, 0x0000000800000000)
  region size 2048K, 1 young (2048K), 1 survivors (2048K)
 Metaspace       used 43808K, committed 44288K, reserved 1114112K
  class space    used 5730K, committed 6016K, reserved 1048576K
}
Event: 29.815 GC heap before
{Heap before GC invocations=18 (full 0):
 garbage-first heap   total 69632K, used 52445K [0x0000000760c00000, 0x0000000800000000)
  region size 2048K, 14 young (28672K), 1 survivors (2048K)
 Metaspace       used 49716K, committed 50240K, reserved 1114112K
  class space    used 6580K, committed 6848K, reserved 1048576K
}
Event: 29.826 GC heap after
{Heap after GC invocations=19 (full 0):
 garbage-first heap   total 69632K, used 29686K [0x0000000760c00000, 0x0000000800000000)
  region size 2048K, 2 young (4096K), 2 survivors (4096K)
 Metaspace       used 49716K, committed 50240K, reserved 1114112K
  class space    used 6580K, committed 6848K, reserved 1048576K
}
Event: 32.137 GC heap before
{Heap before GC invocations=19 (full 0):
 garbage-first heap   total 69632K, used 54262K [0x0000000760c00000, 0x0000000800000000)
  region size 2048K, 14 young (28672K), 2 survivors (4096K)
 Metaspace       used 57996K, committed 58496K, reserved 1114112K
  class space    used 7620K, committed 7872K, reserved 1048576K
}
Event: 32.146 GC heap after
{Heap after GC invocations=20 (full 0):
 garbage-first heap   total 69632K, used 31468K [0x0000000760c00000, 0x0000000800000000)
  region size 2048K, 2 young (4096K), 2 survivors (4096K)
 Metaspace       used 57996K, committed 58496K, reserved 1114112K
  class space    used 7620K, committed 7872K, reserved 1048576K
}

Deoptimization events (20 events):
Event: 32.521 Thread 0x000001f2d40da310 Uncommon trap: trap_request=0xffffff45 fr.pc=0x000001f287b0e674 relative=0x0000000000000074
Event: 32.521 Thread 0x000001f2d40da310 Uncommon trap: reason=unstable_if action=reinterpret pc=0x000001f287b0e674 method=jdk.internal.misc.Unsafe.convEndian(ZI)I @ 4 c2
Event: 32.521 Thread 0x000001f2d40da310 DEOPT PACKING pc=0x000001f287b0e674 sp=0x000000e5b58fd3d0
Event: 32.521 Thread 0x000001f2d40da310 DEOPT UNPACKING pc=0x000001f2875823a3 sp=0x000000e5b58fd2d8 mode 2
Event: 32.521 Thread 0x000001f2d40da310 Uncommon trap: trap_request=0xffffff45 fr.pc=0x000001f287b0ef38 relative=0x0000000000000038
Event: 32.521 Thread 0x000001f2d40da310 Uncommon trap: reason=unstable_if action=reinterpret pc=0x000001f287b0ef38 method=jdk.internal.misc.Unsafe.convEndian(ZI)I @ 4 c2
Event: 32.521 Thread 0x000001f2d40da310 DEOPT PACKING pc=0x000001f287b0ef38 sp=0x000000e5b58fd330
Event: 32.521 Thread 0x000001f2d40da310 DEOPT UNPACKING pc=0x000001f2875823a3 sp=0x000000e5b58fd2c8 mode 2
Event: 32.919 Thread 0x000001f2d40da310 Uncommon trap: trap_request=0xffffff45 fr.pc=0x000001f287efecec relative=0x000000000000132c
Event: 32.919 Thread 0x000001f2d40da310 Uncommon trap: reason=unstable_if action=reinterpret pc=0x000001f287efecec method=java.lang.reflect.AccessibleObject.verifyAccess(Ljava/lang/Class;Ljava/lang/Class;Ljava/lang/Class;I)Z @ 2 c2
Event: 32.919 Thread 0x000001f2d40da310 DEOPT PACKING pc=0x000001f287efecec sp=0x000000e5b58fcbc0
Event: 32.919 Thread 0x000001f2d40da310 DEOPT UNPACKING pc=0x000001f2875823a3 sp=0x000000e5b58fcbe0 mode 2
Event: 33.277 Thread 0x000001f2d40da310 Uncommon trap: trap_request=0xffffff45 fr.pc=0x000001f287adab34 relative=0x00000000000001b4
Event: 33.278 Thread 0x000001f2d40da310 Uncommon trap: reason=unstable_if action=reinterpret pc=0x000001f287adab34 method=java.lang.String.isLatin1()Z @ 10 c2
Event: 33.278 Thread 0x000001f2d40da310 DEOPT PACKING pc=0x000001f287adab34 sp=0x000000e5b58fc420
Event: 33.278 Thread 0x000001f2d40da310 DEOPT UNPACKING pc=0x000001f2875823a3 sp=0x000000e5b58fc358 mode 2
Event: 33.376 Thread 0x000001f2d40da310 Uncommon trap: trap_request=0xffffff45 fr.pc=0x000001f287bbff48 relative=0x0000000000000048
Event: 33.376 Thread 0x000001f2d40da310 Uncommon trap: reason=unstable_if action=reinterpret pc=0x000001f287bbff48 method=java.lang.StringConcatHelper.stringOf(Ljava/lang/Object;)Ljava/lang/String; @ 1 c2
Event: 33.376 Thread 0x000001f2d40da310 DEOPT PACKING pc=0x000001f287bbff48 sp=0x000000e5b58fda70
Event: 33.376 Thread 0x000001f2d40da310 DEOPT UNPACKING pc=0x000001f2875823a3 sp=0x000000e5b58fda00 mode 2

Classes unloaded (0 events):
No events

Classes redefined (0 events):
No events

Internal exceptions (20 events):
Event: 32.233 Thread 0x000001f2d40d84b0 Exception <a 'java/lang/ClassNotFoundException'{0x000000076a86a1a0}: org/springframework/context/support/LiveBeansView> (0x000000076a86a1a0) 
thrown [s\open\src\hotspot\share\classfile\systemDictionary.cpp, line 256]
Event: 32.233 Thread 0x000001f2d40d84b0 Exception <a 'java/lang/ClassNotFoundException'{0x000000076a86a548}: org/springframework/context/support/LiveBeansView> (0x000000076a86a548) 
thrown [s\open\src\hotspot\share\classfile\systemDictionary.cpp, line 256]
Event: 32.233 Thread 0x000001f2d40d84b0 Exception <a 'java/lang/ClassNotFoundException'{0x000000076a86a908}: org/springframework/context/support/LiveBeansView> (0x000000076a86a908) 
thrown [s\open\src\hotspot\share\classfile\systemDictionary.cpp, line 256]
Event: 32.233 Thread 0x000001f2d40d84b0 Exception <a 'java/lang/ClassNotFoundException'{0x000000076a86acc0}: org/springframework/context/support/LiveBeansView> (0x000000076a86acc0) 
thrown [s\open\src\hotspot\share\classfile\systemDictionary.cpp, line 256]
Event: 32.233 Thread 0x000001f2d40d84b0 Exception <a 'java/lang/ClassNotFoundException'{0x000000076a86b070}: org/springframework/context/support/LiveBeansView> (0x000000076a86b070) 
thrown [s\open\src\hotspot\share\classfile\systemDictionary.cpp, line 256]
Event: 32.233 Thread 0x000001f2d40d84b0 Exception <a 'java/lang/ClassNotFoundException'{0x000000076a86b438}: org/springframework/context/support/LiveBeansView> (0x000000076a86b438) 
thrown [s\open\src\hotspot\share\classfile\systemDictionary.cpp, line 256]
Event: 32.233 Thread 0x000001f2d40d84b0 Exception <a 'java/lang/ClassNotFoundException'{0x000000076a86b7f8}: org/springframework/context/support/LiveBeansView> (0x000000076a86b7f8) 
thrown [s\open\src\hotspot\share\classfile\systemDictionary.cpp, line 256]
Event: 32.233 Thread 0x000001f2d40d84b0 Exception <a 'java/lang/ClassNotFoundException'{0x000000076a86bbb8}: org/springframework/context/support/LiveBeansView> (0x000000076a86bbb8) 
thrown [s\open\src\hotspot\share\classfile\systemDictionary.cpp, line 256]
Event: 32.233 Thread 0x000001f2d40d84b0 Exception <a 'java/lang/ClassNotFoundException'{0x000000076a86bf78}: org/springframework/context/support/LiveBeansView> (0x000000076a86bf78) 
thrown [s\open\src\hotspot\share\classfile\systemDictionary.cpp, line 256]
Event: 32.233 Thread 0x000001f2d40d84b0 Exception <a 'java/lang/ClassNotFoundException'{0x000000076a86c318}: org/springframework/context/support/LiveBeansView> (0x000000076a86c318) 
thrown [s\open\src\hotspot\share\classfile\systemDictionary.cpp, line 256]
Event: 32.233 Thread 0x000001f2d40d84b0 Exception <a 'java/lang/ClassNotFoundException'{0x000000076a86c6d0}: org/springframework/context/support/LiveBeansView> (0x000000076a86c6d0) 
thrown [s\open\src\hotspot\share\classfile\systemDictionary.cpp, line 256]
Event: 32.233 Thread 0x000001f2d40d84b0 Exception <a 'java/lang/ClassNotFoundException'{0x000000076a86ca78}: org/springframework/context/support/LiveBeansView> (0x000000076a86ca78) 
thrown [s\open\src\hotspot\share\classfile\systemDictionary.cpp, line 256]
Event: 32.242 Thread 0x000001f2d40d84b0 Exception <a 'java/lang/ClassNotFoundException'{0x000000076a8b8130}: org/springframework/context/support/LiveBeansView> (0x000000076a8b8130) 
thrown [s\open\src\hotspot\share\classfile\systemDictionary.cpp, line 256]
Event: 32.242 Thread 0x000001f2d40d84b0 Exception <a 'java/lang/ClassNotFoundException'{0x000000076a8b84f8}: org/springframework/context/support/LiveBeansView> (0x000000076a8b84f8) 
thrown [s\open\src\hotspot\share\classfile\systemDictionary.cpp, line 256]
Event: 32.242 Thread 0x000001f2d40d84b0 Exception <a 'java/lang/ClassNotFoundException'{0x000000076a8b88a8}: org/springframework/context/support/LiveBeansView> (0x000000076a8b88a8) 
thrown [s\open\src\hotspot\share\classfile\systemDictionary.cpp, line 256]
Event: 32.242 Thread 0x000001f2d40d84b0 Exception <a 'java/lang/ClassNotFoundException'{0x000000076a8b8c58}: org/springframework/context/support/LiveBeansView> (0x000000076a8b8c58) 
thrown [s\open\src\hotspot\share\classfile\systemDictionary.cpp, line 256]
Event: 32.245 Thread 0x000001f2d40d84b0 Exception <a 'java/lang/reflect/InvocationTargetException'{0x000000076a8bc610}> (0x000000076a8bc610) 
thrown [s\open\src\hotspot\share\runtime\reflection.cpp, line 1121]
Event: 33.436 Thread 0x000001f2d40da310 Exception <a 'java/lang/IncompatibleClassChangeError'{0x0000000763d81110}: Found class java.lang.Object, but interface was expected> (0x0000000763d81110) 
thrown [s\open\src\hotspot\share\interpreter\linkResolver.cpp, line 826]
Event: 33.488 Thread 0x000001f2d40da310 Exception <a 'java/lang/NoSuchMethodError'{0x0000000763a5e558}: 'java.lang.Object java.lang.invoke.DirectMethodHandle$Holder.invokeStatic(java.lang.Object, java.lang.Object, int, java.lang.Object)'> (0x0000000763a5e558) 
thrown [s\open\src\hotspot\share\interpreter\linkResolver.cpp, line 759]
Event: 33.488 Thread 0x000001f2d40da310 Exception <a 'java/lang/NoSuchMethodError'{0x0000000763a61ff0}: 'java.lang.Object java.lang.invoke.DirectMethodHandle$Holder.invokeStaticInit(java.lang.Object, java.lang.Object, int, java.lang.Object)'> (0x0000000763a61ff0) 
thrown [s\open\src\hotspot\share\interpreter\linkResolver.cpp, line 759]

VM Operations (20 events):
Event: 27.781 Executing VM operation: Cleanup
Event: 27.782 Executing VM operation: Cleanup done
Event: 28.785 Executing VM operation: Cleanup
Event: 28.806 Executing VM operation: Cleanup done
Event: 29.769 Executing VM operation: HandshakeAllThreads
Event: 29.769 Executing VM operation: HandshakeAllThreads done
Event: 29.815 Executing VM operation: G1CollectForAllocation
Event: 29.826 Executing VM operation: G1CollectForAllocation done
Event: 29.870 Executing VM operation: HandshakeAllThreads
Event: 29.870 Executing VM operation: HandshakeAllThreads done
Event: 30.098 Executing VM operation: HandshakeAllThreads
Event: 30.099 Executing VM operation: HandshakeAllThreads done
Event: 30.371 Executing VM operation: HandshakeAllThreads
Event: 30.371 Executing VM operation: HandshakeAllThreads done
Event: 31.371 Executing VM operation: Cleanup
Event: 31.372 Executing VM operation: Cleanup done
Event: 32.136 Executing VM operation: G1CollectForAllocation
Event: 32.146 Executing VM operation: G1CollectForAllocation done
Event: 33.160 Executing VM operation: Cleanup
Event: 33.162 Executing VM operation: Cleanup done

Events (20 events):
Event: 32.520 loading class sun/security/provider/ByteArrayAccess$LE
Event: 32.520 loading class sun/security/provider/ByteArrayAccess$LE done
Event: 32.802 loading class javax/naming/RefAddr
Event: 32.803 loading class javax/naming/RefAddr done
Event: 32.803 loading class javax/naming/StringRefAddr
Event: 32.803 loading class javax/naming/StringRefAddr done
Event: 32.939 loading class java/util/concurrent/CompletionStage
Event: 32.939 loading class java/util/concurrent/CompletionStage done
Event: 32.945 loading class java/util/concurrent/CompletableFuture
Event: 32.949 loading class java/util/concurrent/CompletableFuture done
Event: 32.949 loading class java/util/concurrent/CompletableFuture$AltResult
Event: 32.949 loading class java/util/concurrent/CompletableFuture$AltResult done
Event: 32.950 loading class java/util/concurrent/CompletableFuture$Completion
Event: 32.950 loading class java/util/concurrent/CompletableFuture$AsynchronousCompletionTask
Event: 32.950 loading class java/util/concurrent/CompletableFuture$AsynchronousCompletionTask done
Event: 32.950 loading class java/util/concurrent/CompletableFuture$Completion done
Event: 33.246 loading class sun/reflect/annotation/TypeAnnotation$TypeAnnotationTargetInfo
Event: 33.247 loading class sun/reflect/annotation/TypeAnnotation$TypeAnnotationTargetInfo done
Event: 33.406 loading class java/util/concurrent/CancellationException
Event: 33.406 loading class java/util/concurrent/CancellationException done


Dynamic libraries:
0x00007ff604700000 - 0x00007ff604710000 	C:\Program Files\Java\jdk-17\bin\java.exe
0x00007ffbf0b30000 - 0x00007ffbf0d28000 	C:\Windows\SYSTEM32\ntdll.dll
0x00007ffbf0190000 - 0x00007ffbf0252000 	C:\Windows\System32\KERNEL32.DLL
0x00007ffbee330000 - 0x00007ffbee62e000 	C:\Windows\System32\KERNELBASE.dll
0x00007ffbee740000 - 0x00007ffbee840000 	C:\Windows\System32\ucrtbase.dll
0x00007ffbe8f70000 - 0x00007ffbe8f8b000 	C:\Program Files\Java\jdk-17\bin\VCRUNTIME140.dll
0x00007ffbe8f50000 - 0x00007ffbe8f69000 	C:\Program Files\Java\jdk-17\bin\jli.dll
0x00007ffbef300000 - 0x00007ffbef3b1000 	C:\Windows\System32\ADVAPI32.dll
0x00007ffbf0480000 - 0x00007ffbf051e000 	C:\Windows\System32\msvcrt.dll
0x00007ffbefc90000 - 0x00007ffbefd2f000 	C:\Windows\System32\sechost.dll
0x00007ffbf0350000 - 0x00007ffbf0473000 	C:\Windows\System32\RPCRT4.dll
0x00007ffbeeab0000 - 0x00007ffbeead7000 	C:\Windows\System32\bcrypt.dll
0x00007ffbf08a0000 - 0x00007ffbf0a3d000 	C:\Windows\System32\USER32.dll
0x00007ffbee6c0000 - 0x00007ffbee6e2000 	C:\Windows\System32\win32u.dll
0x00007ffbef2d0000 - 0x00007ffbef2fb000 	C:\Windows\System32\GDI32.dll
0x00007ffbe0c20000 - 0x00007ffbe0eba000 	C:\Windows\WinSxS\amd64_microsoft.windows.common-controls_6595b64144ccf1df_6.0.19041.4355_none_60b8b9eb71f62e16\COMCTL32.dll
0x00007ffbee840000 - 0x00007ffbee957000 	C:\Windows\System32\gdi32full.dll
0x00007ffbeea10000 - 0x00007ffbeeaad000 	C:\Windows\System32\msvcp_win.dll
0x00007ffbe1ed0000 - 0x00007ffbe1eda000 	C:\Windows\SYSTEM32\VERSION.dll
0x00007ffbefd30000 - 0x00007ffbefd5f000 	C:\Windows\System32\IMM32.DLL
0x00007ffbe8f40000 - 0x00007ffbe8f4c000 	C:\Program Files\Java\jdk-17\bin\vcruntime140_1.dll
0x00007ffbcd8e0000 - 0x00007ffbcd96e000 	C:\Program Files\Java\jdk-17\bin\msvcp140.dll
0x00007ffba07c0000 - 0x00007ffba13a1000 	C:\Program Files\Java\jdk-17\bin\server\jvm.dll
0x00007ffbeeb50000 - 0x00007ffbeeb58000 	C:\Windows\System32\PSAPI.DLL
0x00007ffbe68a0000 - 0x00007ffbe68a9000 	C:\Windows\SYSTEM32\WSOCK32.dll
0x00007ffbf05d0000 - 0x00007ffbf063b000 	C:\Windows\System32\WS2_32.dll
0x00007ffbd4010000 - 0x00007ffbd4037000 	C:\Windows\SYSTEM32\WINMM.dll
0x00007ffbec9b0000 - 0x00007ffbec9c2000 	C:\Windows\SYSTEM32\kernel.appcore.dll
0x00007ffbe8f30000 - 0x00007ffbe8f3a000 	C:\Program Files\Java\jdk-17\bin\jimage.dll
0x00007ffbebd60000 - 0x00007ffbebf44000 	C:\Windows\SYSTEM32\DBGHELP.DLL
0x00007ffbe5b60000 - 0x00007ffbe5b94000 	C:\Windows\SYSTEM32\dbgcore.DLL
0x00007ffbee630000 - 0x00007ffbee6b2000 	C:\Windows\System32\bcryptPrimitives.dll
0x00007ffbe8ef0000 - 0x00007ffbe8f15000 	C:\Program Files\Java\jdk-17\bin\java.dll
0x00007ffbcc0d0000 - 0x00007ffbcc1a7000 	C:\Program Files\Java\jdk-17\bin\jsvml.dll
0x00007ffbeeb60000 - 0x00007ffbef2cd000 	C:\Windows\System32\SHELL32.dll
0x00007ffbebf50000 - 0x00007ffbec6f4000 	C:\Windows\SYSTEM32\windows.storage.dll
0x00007ffbefe30000 - 0x00007ffbf0183000 	C:\Windows\System32\combase.dll
0x00007ffbedb30000 - 0x00007ffbedb5e000 	C:\Windows\SYSTEM32\Wldp.dll
0x00007ffbef5d0000 - 0x00007ffbef69d000 	C:\Windows\System32\OLEAUT32.dll
0x00007ffbf0520000 - 0x00007ffbf05cd000 	C:\Windows\System32\SHCORE.dll
0x00007ffbef570000 - 0x00007ffbef5c5000 	C:\Windows\System32\shlwapi.dll
0x00007ffbee100000 - 0x00007ffbee124000 	C:\Windows\SYSTEM32\profapi.dll
0x00007ffbe68b0000 - 0x00007ffbe68c9000 	C:\Program Files\Java\jdk-17\bin\net.dll
0x00007ffbe6960000 - 0x00007ffbe6a6d000 	C:\Windows\SYSTEM32\WINHTTP.dll
0x00007ffbed870000 - 0x00007ffbed8da000 	C:\Windows\system32\mswsock.dll
0x00007ffbe6880000 - 0x00007ffbe6896000 	C:\Program Files\Java\jdk-17\bin\nio.dll
0x00007ffbe68d0000 - 0x00007ffbe68e8000 	C:\Program Files\Java\jdk-17\bin\zip.dll
0x00007ffbe8c80000 - 0x00007ffbe8c8a000 	C:\Program Files\Java\jdk-17\bin\management.dll
0x00007ffbe6e80000 - 0x00007ffbe6e8b000 	C:\Program Files\Java\jdk-17\bin\management_ext.dll
0x00007ffbe1c70000 - 0x00007ffbe1c87000 	C:\Windows\system32\napinsp.dll
0x00007ffbd6720000 - 0x00007ffbd673b000 	C:\Windows\system32\pnrpnsp.dll
0x00007ffbe9bb0000 - 0x00007ffbe9bc5000 	C:\Windows\system32\wshbth.dll
0x00007ffbe8fb0000 - 0x00007ffbe8fcd000 	C:\Windows\system32\NLAapi.dll
0x00007ffbed540000 - 0x00007ffbed57b000 	C:\Windows\SYSTEM32\IPHLPAPI.DLL
0x00007ffbed580000 - 0x00007ffbed64a000 	C:\Windows\SYSTEM32\DNSAPI.dll
0x00007ffbf0340000 - 0x00007ffbf0348000 	C:\Windows\System32\NSI.dll
0x00007ffbd91b0000 - 0x00007ffbd91c2000 	C:\Windows\System32\winrnr.dll
0x00007ffbe3070000 - 0x00007ffbe307a000 	C:\Windows\System32\rasadhlp.dll
0x00007ffbe44a0000 - 0x00007ffbe4520000 	C:\Windows\System32\fwpuclnt.dll
0x00007ffbeda80000 - 0x00007ffbeda98000 	C:\Windows\SYSTEM32\CRYPTSP.dll
0x00007ffbed170000 - 0x00007ffbed1a4000 	C:\Windows\system32\rsaenh.dll
0x00007ffbee0c0000 - 0x00007ffbee0ee000 	C:\Windows\SYSTEM32\USERENV.dll
0x00007ffbedaa0000 - 0x00007ffbedaac000 	C:\Windows\SYSTEM32\CRYPTBASE.dll
0x00007ffbe7230000 - 0x00007ffbe7247000 	C:\Windows\SYSTEM32\dhcpcsvc6.DLL
0x00007ffbe8450000 - 0x00007ffbe846d000 	C:\Windows\SYSTEM32\dhcpcsvc.DLL
0x00007ffbe6e00000 - 0x00007ffbe6e0e000 	C:\Program Files\Java\jdk-17\bin\sunmscapi.dll
0x00007ffbee1d0000 - 0x00007ffbee32c000 	C:\Windows\System32\CRYPT32.dll
0x00007ffbedba0000 - 0x00007ffbedbc7000 	C:\Windows\SYSTEM32\ncrypt.dll
0x00007ffbedb60000 - 0x00007ffbedb9b000 	C:\Windows\SYSTEM32\NTASN1.dll
0x00007ffbe8ee0000 - 0x00007ffbe8ef0000 	C:\Program Files\Java\jdk-17\bin\verify.dll

dbghelp: loaded successfully - version: 4.0.5 - missing functions: none
symbol engine: initialized successfully - sym options: 0x614 - pdb path: .;C:\Program Files\Java\jdk-17\bin;C:\Windows\SYSTEM32;C:\Windows\WinSxS\amd64_microsoft.windows.common-controls_6595b64144ccf1df_6.0.19041.4355_none_60b8b9eb71f62e16;C:\Program Files\Java\jdk-17\bin\server

VM Arguments:
jvm_args: -Dcom.sun.management.jmxremote -Dcom.sun.management.jmxremote.port=65530 -Dcom.sun.management.jmxremote.authenticate=false -Dcom.sun.management.jmxremote.ssl=false -Dspring.jmx.enabled=true -Djava.rmi.server.hostname=localhost -Dspring.application.admin.enabled=true -Dspring.boot.project.name=01-java-spring-jobhunter-starter -XX:+ShowCodeDetailsInExceptionMessages -Dmanagement.endpoints.jmx.exposure.include=* 
java_command: vn.hoidanit.jobhunter.JobhunterApplication
java_class_path (initial): C:\Users\nhocv\OneDrive\Documents\java_project\RESTFULL\01-java-spring-jobhunter-starter\build\resources\main;C:\Users\nhocv\OneDrive\Documents\java_project\RESTFULL\01-java-spring-jobhunter-starter\build\classes\java\main;C:\Users\nhocv\.gradle\caches\modules-2\files-2.1\org.attoparser\attoparser\2.0.7.RELEASE\e5d0e988d9124139d645bb5872b24dfa23e283cc\attoparser-2.0.7.RELEASE.jar;C:\Users\nhocv\.gradle\caches\modules-2\files-2.1\org.springframework\spring-orm\6.1.5\d2dc2b996680fcc8ae5aea294f0ce6bda5577c7c\spring-orm-6.1.5.jar;C:\Users\nhocv\.gradle\caches\modules-2\files-2.1\org.thymeleaf\thymeleaf\3.1.2.RELEASE\273997509a4c7aef86cee0521750140c587d9be2\thymeleaf-3.1.2.RELEASE.jar;C:\Users\nhocv\.gradle\caches\modules-2\files-2.1\com.fasterxml.jackson.datatype\jackson-datatype-jdk8\2.15.4\694777f182334a21bf1aeab1b04cc4398c801f3f\jackson-datatype-jdk8-2.15.4.jar;C:\Users\nhocv\.gradle\caches\modules-2\files-2.1\org.springframework\spring-beans\6.1.5\9ae967f467281c9bb977585ef4d5ea7351704d60\spring-beans-6.1.5.jar;C:\Users\nhocv\.gradle\caches\modules-2\files-2.1\io.smallrye\jandex\3.1.2\a6c1c89925c7df06242b03dddb353116ceb9584c\jandex-3.1.2.jar;C:\Users\nhocv\.gradle\caches\modules-2\files-2.1\org.aspectj\aspectjweaver\1.9.21\beaabaea95c7f3330f415c72ee0ffe79b51d172f\aspectjweaver-1.9.21.jar;C:\Users\nhocv\.gradle\caches\modules-2\files-2.1\org.springframework.boot\spring-boot-starter-data-jpa\3.2.4\d8c5f393d9b18d96021b3e02d80e4356c5cbe0f7\spring-boot-starter-data-jpa-3.2.4.jar;C:\Users\nhocv\.gradle\caches\modules-2\files-2.1\org.springframework\spring-expression\6.1.5\7e21cb1c6bbef1509e12d485b75ffc61278d9fa7\spring-expression-6.1.5.jar;C:\Users\nhocv\.gradle\caches\modules-2\files-2.1\io.swagger.core.v3\swagger-models-jakarta\2.2.21\3f6ed502304a3a2cc4ae847dbdc956ba010e8261\swagger-models-jakarta-2.2.21.jar;C:\Users\nhocv\.gradle\caches\modules-2\files-2.1\jakarta.validation\jakarta.validation-api\3.0.2\92b6631659ba35ca09e44874d3eb936edfeee5
Launcher Type: SUN_STANDARD

[Global flags]
     intx CICompilerCount                          = 4                                         {product} {ergonomic}
     uint ConcGCThreads                            = 2                                         {product} {ergonomic}
     uint G1ConcRefinementThreads                  = 8                                         {product} {ergonomic}
   size_t G1HeapRegionSize                         = 2097152                                   {product} {ergonomic}
    uintx GCDrainStackTargetSize                   = 64                                        {product} {ergonomic}
   size_t InitialHeapSize                          = 167772160                                 {product} {ergonomic}
     bool ManagementServer                         = true                                      {product} {command line}
   size_t MarkStackSize                            = 4194304                                   {product} {ergonomic}
   size_t MaxHeapSize                              = 2671771648                                {product} {ergonomic}
   size_t MaxNewSize                               = 1602224128                                {product} {ergonomic}
   size_t MinHeapDeltaBytes                        = 2097152                                   {product} {ergonomic}
   size_t MinHeapSize                              = 8388608                                   {product} {ergonomic}
    uintx NonNMethodCodeHeapSize                   = 5839372                                {pd product} {ergonomic}
    uintx NonProfiledCodeHeapSize                  = 122909434                              {pd product} {ergonomic}
    uintx ProfiledCodeHeapSize                     = 122909434                              {pd product} {ergonomic}
    uintx ReservedCodeCacheSize                    = 251658240                              {pd product} {ergonomic}
     bool SegmentedCodeCache                       = true                                      {product} {ergonomic}
     bool ShowCodeDetailsInExceptionMessages       = true                                   {manageable} {command line}
   size_t SoftMaxHeapSize                          = 2671771648                             {manageable} {ergonomic}
     bool UseCompressedClassPointers               = true                           {product lp64_product} {ergonomic}
     bool UseCompressedOops                        = true                           {product lp64_product} {ergonomic}
     bool UseG1GC                                  = true                                      {product} {ergonomic}
     bool UseLargePagesIndividualAllocation        = false                                  {pd product} {ergonomic}

Logging:
Log output configuration:
 #0: stdout all=warning uptime,level,tags
 #1: stderr all=off uptime,level,tags

Environment Variables:
PATH=C:\Program Files\Common Files\Oracle\Java\javapath;C:\Windows\system32;C:\Windows;C:\Windows\System32\Wbem;C:\Windows\System32\WindowsPowerShell\v1.0\;C:\Windows\System32\OpenSSH\;C:\Program Files\Git\cmd;C:\Users\nhocv\AppData\Roaming\nvm;C:\Program Files\nodejs;;C:\Program Files\Docker\Docker\resources\bin;C:\Program Files\MySQL\MySQL Shell 8.0\bin\;C:\Users\nhocv\AppData\Local\Microsoft\WindowsApps;C:\Users\nhocv\AppData\Local\Programs\Microsoft VS Code\bin;C:\Users\nhocv\AppData\Local\Microsoft\WindowsApps\PythonSoftwareFoundation.Python.3.11_qbz5n2kfra8p0\python.exe;C:\Users\nhocv\AppData\Roaming\nvm;C:\Program Files\nodejs
USERNAME=nhocv
LANG=en_US.UTF-8
OS=Windows_NT
PROCESSOR_IDENTIFIER=AMD64 Family 23 Model 24 Stepping 1, AuthenticAMD



---------------  S Y S T E M  ---------------

OS:
 Windows 10 , 64 bit Build 19041 (10.0.19041.5198)
OS uptime: 82 days 11:33 hours
Hyper-V role detected

CPU: total 8 (initial active 8) (8 cores per cpu, 2 threads per core) family 23 model 24 stepping 1 microcode 0x0, cx8, cmov, fxsr, ht, mmx, 3dnowpref, sse, sse2, sse3, ssse3, sse4a, sse4.1, sse4.2, popcnt, lzcnt, tsc, tscinvbit, avx, avx2, aes, clmul, bmi1, bmi2, adx, sha, fma, vzeroupper, clflush, clflushopt, hv

Memory: 4k page, system-wide physical 10186M (1400M free)
TotalPageFile size 15379M (AvailPageFile size 7M)
current process WorkingSet (physical memory assigned to process): 277M, peak: 277M
current process commit charge ("private bytes"): 316M, peak: 317M

vm_info: Java HotSpot(TM) 64-Bit Server VM (17.0.9+11-LTS-201) for windows-amd64 JRE (17.0.9+11-LTS-201), built on Oct 10 2023 23:16:06 by "mach5one" with MS VC++ 17.1 (VS2022)

END.
